<?xml version="1.0" encoding="UTF-8"?>
<!-- Generated by org.testng.reporters.JUnitReportReporter -->
<testsuite skipped="0" hostname="Karans-MacBook-Air.local" name="TestCases.TC_02" tests="1" failures="0" timestamp="2019-08-25T00:36:59 IST" time="9.542" errors="0">
  <testcase name="Login" time="9.542" classname="TestCases.TC_02"/>
</testsuite> <!-- TestCases.TC_02 -->
